GetuiSDK/build/outputs/logs/manifest-merger-debug-report.txt
-- Merging decision tree log ---
meta-data#PUSH_APPID
INJECTED from Swanfox\GetuiSDK\AndroidManifest.xml:43:9-45:46
	android:value
		INJECTED from Swanfox\GetuiSDK\AndroidManifest.xml
		ADDED from Swanfox\GetuiSDK\AndroidManifest.xml:45:13-44
	android:name
		ADDED from Swanfox\GetuiSDK\AndroidManifest.xml:44:13-38
meta-data#PUSH_APPKEY
INJECTED from Swanfox\GetuiSDK\AndroidManifest.xml:46:9-48:47
	android:value
		INJECTED from Swanfox\GetuiSDK\AndroidManifest.xml
		ADDED from Swanfox\GetuiSDK\AndroidManifest.xml:48:13-45
	android:name
		ADDED from Swanfox\GetuiSDK\AndroidManifest.xml:47:13-39
meta-data#PUSH_APPSECRET
INJECTED from Swanfox\GetuiSDK\AndroidManifest.xml:49:9-51:50
	android:value
		INJECTED from Swanfox\GetuiSDK\AndroidManifest.xml
		ADDED from Swanfox\GetuiSDK\AndroidManifest.xml:51:13-48
	android:name
		ADDED from Swanfox\GetuiSDK\AndroidManifest.xml:50:13-42
manifest
ADDED from Swanfox\GetuiSDK\AndroidManifest.xml:2:1-106:12
INJECTED from Swanfox\GetuiSDK\AndroidManifest.xml:2:1-106:12
INJECTED from Swanfox\GetuiSDK\AndroidManifest.xml:2:1-106:12
	package
		ADDED from Swanfox\GetuiSDK\AndroidManifest.xml:2:11-35
		INJECTED from Swanfox\GetuiSDK\AndroidManifest.xml
		INJECTED from Swanfox\GetuiSDK\AndroidManifest.xml
	xmlns:android
		ADDED from Swanfox\GetuiSDK\AndroidManifest.xml:3:11-69
uses-permission#android.permission.INTERNET
ADDED from Swanfox\GetuiSDK\AndroidManifest.xml:5:5-66
	android:name
		ADDED from Swanfox\GetuiSDK\AndroidManifest.xml:5:22-64
uses-permission#android.permission.READ_PHONE_STATE
ADDED from Swanfox\GetuiSDK\AndroidManifest.xml:6:5-74
	android:name
		ADDED from Swanfox\GetuiSDK\AndroidManifest.xml:6:22-72
uses-permission#android.permission.ACCESS_NETWORK_STATE
ADDED from Swanfox\GetuiSDK\AndroidManifest.xml:7:5-78
	android:name
		ADDED from Swanfox\GetuiSDK\AndroidManifest.xml:7:22-76
uses-permission#android.permission.CHANGE_WIFI_STATE
ADDED from Swanfox\GetuiSDK\AndroidManifest.xml:8:5-75
	android:name
		ADDED from Swanfox\GetuiSDK\AndroidManifest.xml:8:22-73
uses-permission#android.permission.ACCESS_WIFI_STATE
ADDED from Swanfox\GetuiSDK\AndroidManifest.xml:9:5-75
	android:name
		ADDED from Swanfox\GetuiSDK\AndroidManifest.xml:9:22-73
uses-permission#android.permission.WAKE_LOCK
ADDED from Swanfox\GetuiSDK\AndroidManifest.xml:10:5-67
	android:name
		ADDED from Swanfox\GetuiSDK\AndroidManifest.xml:10:22-65
uses-permission#android.permission.RECEIVE_BOOT_COMPLETED
ADDED from Swanfox\GetuiSDK\AndroidManifest.xml:11:5-80
	android:name
		ADDED from Swanfox\GetuiSDK\AndroidManifest.xml:11:22-78
uses-permission#android.permission.WRITE_EXTERNAL_STORAGE
ADDED from Swanfox\GetuiSDK\AndroidManifest.xml:12:5-80
	android:name
		ADDED from Swanfox\GetuiSDK\AndroidManifest.xml:12:22-78
uses-permission#android.permission.VIBRATE
ADDED from Swanfox\GetuiSDK\AndroidManifest.xml:13:5-65
	android:name
		ADDED from Swanfox\GetuiSDK\AndroidManifest.xml:13:22-63
uses-permission#android.permission.GET_TASKS
ADDED from Swanfox\GetuiSDK\AndroidManifest.xml:14:5-67
	android:name
		ADDED from Swanfox\GetuiSDK\AndroidManifest.xml:14:22-65
uses-permission#android.permission.BLUETOOTH
ADDED from Swanfox\GetuiSDK\AndroidManifest.xml:16:5-67
	android:name
		ADDED from Swanfox\GetuiSDK\AndroidManifest.xml:16:22-65
uses-permission#android.permission.BLUETOOTH_ADMIN
ADDED from Swanfox\GetuiSDK\AndroidManifest.xml:17:5-73
	android:name
		ADDED from Swanfox\GetuiSDK\AndroidManifest.xml:17:22-71
uses-permission#android.permission.ACCESS_FINE_LOCATION
ADDED from Swanfox\GetuiSDK\AndroidManifest.xml:19:5-78
	android:name
		ADDED from Swanfox\GetuiSDK\AndroidManifest.xml:19:22-76
uses-permission#android.permission.ACCESS_COARSE_LOCATION
ADDED from Swanfox\GetuiSDK\AndroidManifest.xml:20:5-80
	android:name
		ADDED from Swanfox\GetuiSDK\AndroidManifest.xml:20:22-78
uses-permission#android.permission.SYSTEM_ALERT_WINDOW
ADDED from Swanfox\GetuiSDK\AndroidManifest.xml:22:5-77
	android:name
		ADDED from Swanfox\GetuiSDK\AndroidManifest.xml:22:22-75
uses-permission#getui.permission.GetuiService.${applicationId}
ADDED from Swanfox\GetuiSDK\AndroidManifest.xml:23:5-85
	android:name
		ADDED from Swanfox\GetuiSDK\AndroidManifest.xml:23:22-83
permission#getui.permission.GetuiService.${applicationId}
ADDED from Swanfox\GetuiSDK\AndroidManifest.xml:25:5-27:43
	android:protectionLevel
		ADDED from Swanfox\GetuiSDK\AndroidManifest.xml:27:9-41
	android:name
		ADDED from Swanfox\GetuiSDK\AndroidManifest.xml:26:9-70
application
ADDED from Swanfox\GetuiSDK\AndroidManifest.xml:29:5-104:18
activity#com.getui.demo.GetuiSdkDemoActivity
ADDED from Swanfox\GetuiSDK\AndroidManifest.xml:31:9-41:20
	android:label
		ADDED from Swanfox\GetuiSDK\AndroidManifest.xml:33:13-45
	android:launchMode
		ADDED from Swanfox\GetuiSDK\AndroidManifest.xml:34:13-43
	android:name
		ADDED from Swanfox\GetuiSDK\AndroidManifest.xml:32:13-49
service#com.igexin.sdk.PushService
ADDED from Swanfox\GetuiSDK\AndroidManifest.xml:54:9-62:19
	android:process
		ADDED from Swanfox\GetuiSDK\AndroidManifest.xml:58:13-43
	android:label
		ADDED from Swanfox\GetuiSDK\AndroidManifest.xml:57:13-47
	android:exported
		ADDED from Swanfox\GetuiSDK\AndroidManifest.xml:56:13-36
	android:name
		ADDED from Swanfox\GetuiSDK\AndroidManifest.xml:55:13-54
intent-filter#com.igexin.sdk.action.service.message
ADDED from Swanfox\GetuiSDK\AndroidManifest.xml:59:13-61:29
action#com.igexin.sdk.action.service.message
ADDED from Swanfox\GetuiSDK\AndroidManifest.xml:60:17-79
	android:name
		ADDED from Swanfox\GetuiSDK\AndroidManifest.xml:60:25-77
receiver#com.igexin.sdk.PushReceiver
ADDED from Swanfox\GetuiSDK\AndroidManifest.xml:64:9-75:20
	android:name
		ADDED from Swanfox\GetuiSDK\AndroidManifest.xml:65:13-55
intent-filter#android.intent.action.ACTION_POWER_CONNECTED+android.intent.action.ACTION_POWER_DISCONNECTED+android.intent.action.BOOT_COMPLETED+android.intent.action.MEDIA_MOUNTED+android.intent.action.USER_PRESENT+android.net.conn.CONNECTIVITY_CHANGE+com.igexin.sdk.action.refreshls
ADDED from Swanfox\GetuiSDK\AndroidManifest.xml:66:13-74:29
action#android.intent.action.BOOT_COMPLETED
ADDED from Swanfox\GetuiSDK\AndroidManifest.xml:67:17-78
	android:name
		ADDED from Swanfox\GetuiSDK\AndroidManifest.xml:67:25-76
action#android.net.conn.CONNECTIVITY_CHANGE
ADDED from Swanfox\GetuiSDK\AndroidManifest.xml:68:17-78
	android:name
		ADDED from Swanfox\GetuiSDK\AndroidManifest.xml:68:25-76
action#android.intent.action.USER_PRESENT
ADDED from Swanfox\GetuiSDK\AndroidManifest.xml:69:17-76
	android:name
		ADDED from Swanfox\GetuiSDK\AndroidManifest.xml:69:25-74
action#com.igexin.sdk.action.refreshls
ADDED from Swanfox\GetuiSDK\AndroidManifest.xml:70:17-73
	android:name
		ADDED from Swanfox\GetuiSDK\AndroidManifest.xml:70:25-71
action#android.intent.action.MEDIA_MOUNTED
ADDED from Swanfox\GetuiSDK\AndroidManifest.xml:71:17-77
	android:name
		ADDED from Swanfox\GetuiSDK\AndroidManifest.xml:71:25-75
action#android.intent.action.ACTION_POWER_CONNECTED
ADDED from Swanfox\GetuiSDK\AndroidManifest.xml:72:17-86
	android:name
		ADDED from Swanfox\GetuiSDK\AndroidManifest.xml:72:25-84
action#android.intent.action.ACTION_POWER_DISCONNECTED
ADDED from Swanfox\GetuiSDK\AndroidManifest.xml:73:17-89
	android:name
		ADDED from Swanfox\GetuiSDK\AndroidManifest.xml:73:25-87
activity#com.igexin.sdk.PushActivity
ADDED from Swanfox\GetuiSDK\AndroidManifest.xml:77:9-83:74
	android:process
		ADDED from Swanfox\GetuiSDK\AndroidManifest.xml:81:13-43
	android:excludeFromRecents
		ADDED from Swanfox\GetuiSDK\AndroidManifest.xml:79:13-46
	android:exported
		ADDED from Swanfox\GetuiSDK\AndroidManifest.xml:80:13-37
	android:theme
		ADDED from Swanfox\GetuiSDK\AndroidManifest.xml:83:13-72
	android:taskAffinity
		ADDED from Swanfox\GetuiSDK\AndroidManifest.xml:82:13-67
	android:name
		ADDED from Swanfox\GetuiSDK\AndroidManifest.xml:78:13-55
activity#com.igexin.sdk.GActivity
ADDED from Swanfox\GetuiSDK\AndroidManifest.xml:85:9-91:74
	android:process
		ADDED from Swanfox\GetuiSDK\AndroidManifest.xml:89:13-43
	android:excludeFromRecents
		ADDED from Swanfox\GetuiSDK\AndroidManifest.xml:87:13-46
	android:exported
		ADDED from Swanfox\GetuiSDK\AndroidManifest.xml:88:13-36
	android:theme
		ADDED from Swanfox\GetuiSDK\AndroidManifest.xml:91:13-72
	android:taskAffinity
		ADDED from Swanfox\GetuiSDK\AndroidManifest.xml:90:13-67
	android:name
		ADDED from Swanfox\GetuiSDK\AndroidManifest.xml:86:13-52
service#com.getui.demo.DemoIntentService
ADDED from Swanfox\GetuiSDK\AndroidManifest.xml:94:9-53
	android:name
		ADDED from Swanfox\GetuiSDK\AndroidManifest.xml:94:18-51
service#com.getui.demo.DemoPushService
ADDED from Swanfox\GetuiSDK\AndroidManifest.xml:97:9-102:19
	android:process
		ADDED from Swanfox\GetuiSDK\AndroidManifest.xml:101:17-47
	android:label
		ADDED from Swanfox\GetuiSDK\AndroidManifest.xml:100:17-44
	android:exported
		ADDED from Swanfox\GetuiSDK\AndroidManifest.xml:99:17-40
	android:name
		ADDED from Swanfox\GetuiSDK\AndroidManifest.xml:98:17-48
uses-sdk
INJECTED from Swanfox\GetuiSDK\AndroidManifest.xml reason: use-sdk injection requested
INJECTED from Swanfox\GetuiSDK\AndroidManifest.xml
INJECTED from Swanfox\GetuiSDK\AndroidManifest.xml
INJECTED from Swanfox\GetuiSDK\AndroidManifest.xml
INJECTED from Swanfox\GetuiSDK\AndroidManifest.xml
	android:targetSdkVersion
		INJECTED from Swanfox\GetuiSDK\AndroidManifest.xml
		ADDED from Swanfox\GetuiSDK\AndroidManifest.xml
		INJECTED from Swanfox\GetuiSDK\AndroidManifest.xml
	android:minSdkVersion
		INJECTED from Swanfox\GetuiSDK\AndroidManifest.xml
		ADDED from Swanfox\GetuiSDK\AndroidManifest.xml
		INJECTED from Swanfox\GetuiSDK\AndroidManifest.xml